0 0~`0~`I have a robot! His name is Robin.
1 1~`0~`I have a robot! His name is Robin.
2 2~`0~`I have a robot! His name is Robin.
3 0~`1~`My grandpa made him.
4 1~`1~`My grandpa made him.
5 0~`2~`Robin is short but strong. He is really clever.
6 2~`1~`My grandpa made him.
7 1~`2~`Robin is short but strong. He is really clever.
8 0~`3~`He can speak Chinese and English.
9 2~`2~`Robin is short but strong. He is really clever.
10 1~`3~`He can speak Chinese and English.
11 0~`4~`He is hard-working.
12 2~`3~`He can speak Chinese and English.
13 1~`4~`He is hard-working.
14 0~`5~`He is very helpful at home.
15 2~`4~`He is hard-working.
16 1~`5~`He is very helpful at home.
17 0~`6~`He is strict, too.
18 2~`5~`He is very helpful at home.
19 1~`6~`He is strict, too.
20 0~`7~`He makes me finish my homework!
21 1~`7~`He makes me finish my homework!
22 2~`6~`He is strict, too.
23 2~`7~`He makes me finish my homework!
